850 STR
850 DEL ec1688cf-0db4-417d-86d5-a7e428237650
850 DEL df17e360-e7c9-4bf7-a105-2fddb1339276
850 DEL 687f052d-52da-45e8-ba1c-5038677c0faf
850 DEL c7407752-e8d3-470b-b11e-e264aa992723
850 ADD ec1688cf-0db4-417d-86d5-a7e428237650
850 ADD df17e360-e7c9-4bf7-a105-2fddb1339276
850 ADD 687f052d-52da-45e8-ba1c-5038677c0faf
850 ADD c7407752-e8d3-470b-b11e-e264aa992723
850 COM
851 STR
851 DEL 96481120-79ab-482a-b349-36211db38023
851 DEL 943654a5-d40d-42b5-91b5-f8e70629ac81
851 DEL 1897a863-8553-4b6e-a5d4-60b5c149a886
851 DEL 4a5953c6-bb6c-4d71-b3c7-0a1fe75632f5
851 ADD 96481120-79ab-482a-b349-36211db38023
851 ADD 943654a5-d40d-42b5-91b5-f8e70629ac81
851 ADD 1897a863-8553-4b6e-a5d4-60b5c149a886
851 ADD 4a5953c6-bb6c-4d71-b3c7-0a1fe75632f5
851 COM
852 STR
852 DEL 69a7d4af-2727-4647-b117-7099b7ed856a
852 DEL 717ae189-5e6f-47f7-9519-a87a1195aebf
852 DEL 70ed43c8-ff30-4854-b923-91d6639bc8f9
852 DEL f566e83f-bd29-4941-b5d2-259173384bd5
852 ADD 69a7d4af-2727-4647-b117-7099b7ed856a
852 ADD 717ae189-5e6f-47f7-9519-a87a1195aebf
852 ADD 70ed43c8-ff30-4854-b923-91d6639bc8f9
852 ADD f566e83f-bd29-4941-b5d2-259173384bd5
852 COM
853 STR
853 DEL 91154648-576f-4bed-9e35-0efbce874564
853 DEL 2cd6c33a-fd04-4be8-8da3-9e51d0e36b04
853 DEL 6781cdb9-4303-4856-b061-a3a53feac35a
853 DEL 7ba21e68-8858-4cd3-9607-1de7de8badc7
853 ADD 91154648-576f-4bed-9e35-0efbce874564
853 ADD 2cd6c33a-fd04-4be8-8da3-9e51d0e36b04
853 ADD 6781cdb9-4303-4856-b061-a3a53feac35a
853 ADD 7ba21e68-8858-4cd3-9607-1de7de8badc7
853 COM
854 STR
854 DEL 91154648-576f-4bed-9e35-0efbce874564
854 DEL 6781cdb9-4303-4856-b061-a3a53feac35a
854 ADD 91154648-576f-4bed-9e35-0efbce874564
854 ADD 6781cdb9-4303-4856-b061-a3a53feac35a
854 COM
855 STR
855 DEL 83298886-e6c6-4f8e-8a8f-88605004d6ac
855 DEL 769520e3-ffae-4b1a-b355-fc7ef53c11c8
855 DEL ab0f0fe2-4376-4fbd-95b2-05b20d386f61
855 DEL b767ad99-6591-4850-8a2a-3e2d366339f4
855 ADD 83298886-e6c6-4f8e-8a8f-88605004d6ac
855 ADD 769520e3-ffae-4b1a-b355-fc7ef53c11c8
855 ADD ab0f0fe2-4376-4fbd-95b2-05b20d386f61
855 ADD b767ad99-6591-4850-8a2a-3e2d366339f4
855 COM
856 STR
856 DEL 83298886-e6c6-4f8e-8a8f-88605004d6ac
856 ADD 83298886-e6c6-4f8e-8a8f-88605004d6ac
856 COM
857 STR
857 DEL 7bf4e864-2159-4ece-b896-286a72c66c6e
857 DEL 7e0cc344-3b02-41cc-84f1-72eed6b6b039
857 DEL 10b0f863-e2b6-43d6-bd90-e734008eb091
857 DEL 0161eee8-8aa5-49ca-94f9-bea4e9cb930e
857 ADD 7bf4e864-2159-4ece-b896-286a72c66c6e
857 ADD 7e0cc344-3b02-41cc-84f1-72eed6b6b039
857 ADD 10b0f863-e2b6-43d6-bd90-e734008eb091
857 ADD 0161eee8-8aa5-49ca-94f9-bea4e9cb930e
857 COM
